2022-01-06 20:28:46,412 - root - CRITICAL - Performing maintenance checks on databases
2022-01-06 20:28:48,409 - ALGO.db_initializer - DEBUG - Initialization of Databases
2022-01-06 20:28:48,410 - root - DEBUG - DATABASE INTEGRITY CHECK FOR C:\Users\fabio\PycharmProjects\AlgoTrader\ALGO\Databases\accounts.db: ok
2022-01-06 20:28:48,411 - root - DEBUG - DATABASE INTEGRITY CHECK FOR C:\Users\fabio\PycharmProjects\AlgoTrader\ALGO\Databases\indicators.db: ok
2022-01-06 20:28:48,412 - root - DEBUG - DATABASE INTEGRITY CHECK FOR C:\Users\fabio\PycharmProjects\AlgoTrader\ALGO\Databases\options.db: ok
2022-01-06 20:28:48,413 - root - DEBUG - DATABASE INTEGRITY CHECK FOR C:\Users\fabio\PycharmProjects\AlgoTrader\ALGO\Databases\quotes.db: ok
2022-01-06 20:28:48,414 - root - DEBUG - DATABASE INTEGRITY CHECK FOR C:\Users\fabio\PycharmProjects\AlgoTrader\ALGO\Databases\trades.db: ok
2022-01-06 20:28:48,415 - root - CRITICAL - No issues were detected
2022-01-06 20:28:48,415 - ALGO.db_initializer - DEBUG - Initialization of Databases
2022-01-06 20:28:48,417 - urllib3.connectionpool - DEBUG - Starting new HTTPS connection (1): paper-api.alpaca.markets:443
2022-01-06 20:28:48,641 - urllib3.connectionpool - DEBUG - https://paper-api.alpaca.markets:443 "GET /v2/account HTTP/1.1" 200 767
2022-01-06 20:28:48,641 - root - DEBUG - A valid Alpaca trading account was found
2022-01-06 20:28:48,691 - urllib3.connectionpool - DEBUG - https://paper-api.alpaca.markets:443 "GET /v2/account HTTP/1.1" 200 767
2022-01-06 20:28:48,741 - urllib3.connectionpool - DEBUG - https://paper-api.alpaca.markets:443 "GET /v2/clock HTTP/1.1" 200 147
2022-01-06 20:28:53,486 - urllib3.connectionpool - DEBUG - https://paper-api.alpaca.markets:443 "GET /v2/assets/MSFT HTTP/1.1" 200 256
2022-01-06 20:28:53,536 - urllib3.connectionpool - DEBUG - https://paper-api.alpaca.markets:443 "GET /v2/assets/MSFT HTTP/1.1" 200 256
2022-01-06 20:28:53,561 - ALGO.bond_yield_fetch_module - DEBUG - Initialization of bond gathering
2022-01-06 20:28:53,562 - ALGO.db_initializer - DEBUG - Initialization of Databases
2022-01-06 20:28:53,604 - root - DEBUG - information already fetched: ['LIBOR', 'T-Bond']
2022-01-06 20:28:57,153 - root - DEBUG - T-bond information for 2022-01-06 already exists
2022-01-06 20:28:57,153 - root - DEBUG - LIBOR information for the previous business day 2022-01-05 already exists
2022-01-06 20:28:57,186 - urllib3.connectionpool - DEBUG - Starting new HTTPS connection (1): query2.finance.yahoo.com:443
2022-01-06 20:28:57,410 - urllib3.connectionpool - DEBUG - https://query2.finance.yahoo.com:443 "GET /v8/finance/chart/MSFT?range=1d&interval=1m&includePrePost=True&events=div%2Csplits HTTP/1.1" 200 None
2022-01-06 20:28:58,205 - root - DEBUG - C:\Users\fabio\PycharmProjects\AlgoTrader\ALGO\Daily Stock Analysis\Trades\MSFT Intraday 2022-01-06.xlsx is being formatted
2022-01-06 20:28:59,321 - root - DEBUG - formatting for C:\Users\fabio\PycharmProjects\AlgoTrader\ALGO\Daily Stock Analysis\Trades\MSFT Intraday 2022-01-06.xlsx is finished
2022-01-06 20:28:59,330 - root - DEBUG - Initial quote data saved to DB
2022-01-06 20:28:59,331 - root - DEBUG - Options gathering started
2022-01-06 20:28:59,345 - urllib3.connectionpool - DEBUG - Starting new HTTPS connection (1): query2.finance.yahoo.com:443
2022-01-06 20:29:00,029 - urllib3.connectionpool - DEBUG - https://query2.finance.yahoo.com:443 "GET /v7/finance/options/MSFT?getAllData=true&formatted=false&lang=en-US&region=US&corsDomain=finance.yahoo.com HTTP/1.1" 200 None
2022-01-06 20:29:00,339 - urllib3.connectionpool - DEBUG - Starting new HTTPS connection (1): fred.stlouisfed.org:443
2022-01-06 20:29:01,246 - urllib3.connectionpool - DEBUG - https://fred.stlouisfed.org:443 "GET /series/SOFR HTTP/1.1" 200 20523
2022-01-06 20:29:01,976 - root - DEBUG - SOFR rate: 0.05%
2022-01-06 20:29:01,976 - root - DEBUG - OIS Rate: -1.7080430403382252e-07% given overnight rate of 0.05% with 0.77 days to expiration
2022-01-06 20:29:02,960 - ALGO.options_module - DEBUG - Calls for MSFT expiring 2022-01-07 successfully outputted to Excel
2022-01-06 20:29:02,970 - ALGO.options_module - DEBUG - Puts for MSFT expiring 2022-01-07 successfully outputted to Excel
2022-01-06 20:29:02,971 - urllib3.connectionpool - DEBUG - Starting new HTTPS connection (1): fred.stlouisfed.org:443
2022-01-06 20:29:03,667 - urllib3.connectionpool - DEBUG - https://fred.stlouisfed.org:443 "GET /series/SOFR HTTP/1.1" 200 20523
2022-01-06 20:29:03,847 - root - DEBUG - SOFR rate: 0.05%
2022-01-06 20:29:03,847 - root - DEBUG - OIS Rate: 5.074937705629168e-05% given overnight rate of 0.05% with 7.77 days to expiration
2022-01-06 20:29:04,746 - ALGO.options_module - DEBUG - Calls for MSFT expiring 2022-01-14 successfully outputted to Excel
2022-01-06 20:29:04,754 - ALGO.options_module - DEBUG - Puts for MSFT expiring 2022-01-14 successfully outputted to Excel
2022-01-06 20:29:04,755 - urllib3.connectionpool - DEBUG - Starting new HTTPS connection (1): fred.stlouisfed.org:443
2022-01-06 20:29:08,080 - urllib3.connectionpool - DEBUG - https://fred.stlouisfed.org:443 "GET /series/SOFR HTTP/1.1" 200 20523
2022-01-06 20:29:11,416 - root - DEBUG - SOFR rate: 0.05%
2022-01-06 20:29:11,416 - root - DEBUG - OIS Rate: 0.0001962800828536615% given overnight rate of 0.05% with 14.77 days to expiration
2022-01-06 20:29:12,809 - ALGO.options_module - DEBUG - Calls for MSFT expiring 2022-01-21 successfully outputted to Excel
2022-01-06 20:29:12,823 - ALGO.options_module - DEBUG - Puts for MSFT expiring 2022-01-21 successfully outputted to Excel
2022-01-06 20:29:12,824 - urllib3.connectionpool - DEBUG - Starting new HTTPS connection (1): fred.stlouisfed.org:443
2022-01-06 20:29:13,656 - urllib3.connectionpool - DEBUG - https://fred.stlouisfed.org:443 "GET /series/SOFR HTTP/1.1" 200 20523
2022-01-06 20:29:14,365 - root - DEBUG - SOFR rate: 0.05%
2022-01-06 20:29:14,365 - root - DEBUG - OIS Rate: 0.00043651333387906277% given overnight rate of 0.05% with 21.77 days to expiration
2022-01-06 20:29:14,942 - ALGO.options_module - DEBUG - Calls for MSFT expiring 2022-01-28 successfully outputted to Excel
2022-01-06 20:29:14,950 - ALGO.options_module - DEBUG - Puts for MSFT expiring 2022-01-28 successfully outputted to Excel
2022-01-06 20:29:14,951 - urllib3.connectionpool - DEBUG - Starting new HTTPS connection (1): fred.stlouisfed.org:443
2022-01-06 20:29:16,519 - urllib3.connectionpool - DEBUG - https://fred.stlouisfed.org:443 "GET /series/SOFR HTTP/1.1" 200 20523
2022-01-06 20:29:16,762 - root - DEBUG - SOFR rate: 0.05%
2022-01-06 20:29:16,762 - root - DEBUG - OIS Rate: 0.000771541240385254% given overnight rate of 0.05% with 28.77 days to expiration
2022-01-06 20:29:17,375 - ALGO.options_module - DEBUG - Calls for MSFT expiring 2022-02-04 successfully outputted to Excel
2022-01-06 20:29:17,381 - ALGO.options_module - DEBUG - Puts for MSFT expiring 2022-02-04 successfully outputted to Excel
2022-01-06 20:29:17,383 - urllib3.connectionpool - DEBUG - Starting new HTTPS connection (1): fred.stlouisfed.org:443
2022-01-06 20:29:17,992 - urllib3.connectionpool - DEBUG - https://fred.stlouisfed.org:443 "GET /series/SOFR HTTP/1.1" 200 20523
2022-01-06 20:29:18,443 - root - DEBUG - SOFR rate: 0.05%
2022-01-06 20:29:18,444 - root - DEBUG - OIS Rate: 0.001201456002286605% given overnight rate of 0.05% with 35.77 days to expiration
2022-01-06 20:29:18,848 - ALGO.options_module - DEBUG - Calls for MSFT expiring 2022-02-11 successfully outputted to Excel
2022-01-06 20:29:18,853 - ALGO.options_module - DEBUG - Puts for MSFT expiring 2022-02-11 successfully outputted to Excel
2022-01-06 20:29:18,854 - urllib3.connectionpool - DEBUG - Starting new HTTPS connection (1): fred.stlouisfed.org:443
2022-01-06 20:29:20,784 - urllib3.connectionpool - DEBUG - https://fred.stlouisfed.org:443 "GET /series/SOFR HTTP/1.1" 200 20523
2022-01-06 20:29:20,945 - root - DEBUG - SOFR rate: 0.05%
2022-01-06 20:29:20,945 - root - DEBUG - OIS Rate: 0.0017263499091368928% given overnight rate of 0.05% with 42.77 days to expiration
2022-01-06 20:29:21,977 - ALGO.options_module - DEBUG - Calls for MSFT expiring 2022-02-18 successfully outputted to Excel
2022-01-06 20:29:21,988 - ALGO.options_module - DEBUG - Puts for MSFT expiring 2022-02-18 successfully outputted to Excel
2022-01-06 20:29:21,990 - urllib3.connectionpool - DEBUG - Starting new HTTPS connection (1): fred.stlouisfed.org:443
2022-01-06 20:29:22,725 - urllib3.connectionpool - DEBUG - https://fred.stlouisfed.org:443 "GET /series/SOFR HTTP/1.1" 200 20523
2022-01-06 20:29:22,757 - root - DEBUG - SOFR rate: 0.05%
2022-01-06 20:29:22,757 - root - DEBUG - OIS Rate: 0.0047775659205440135% given overnight rate of 0.05% with 70.77 days to expiration
2022-01-06 20:29:23,922 - ALGO.options_module - DEBUG - Calls for MSFT expiring 2022-03-18 successfully outputted to Excel
2022-01-06 20:29:23,934 - ALGO.options_module - DEBUG - Puts for MSFT expiring 2022-03-18 successfully outputted to Excel
2022-01-06 20:29:24,542 - root - DEBUG - C:\Users\fabio\PycharmProjects\AlgoTrader\ALGO\Daily Stock Analysis\Options\MSFT Options Data 2022-01-06.xlsx is being formatted
2022-01-06 20:29:25,659 - root - DEBUG - formatting for C:\Users\fabio\PycharmProjects\AlgoTrader\ALGO\Daily Stock Analysis\Options\MSFT Options Data 2022-01-06.xlsx is finished
2022-01-06 20:29:25,660 - root - DEBUG - Options gathering completed
2022-01-06 20:29:25,661 - root - DEBUG - initial analysis function is entered
2022-01-06 20:29:25,663 - urllib3.connectionpool - DEBUG - Starting new HTTPS connection (1): query2.finance.yahoo.com:443
2022-01-06 20:29:26,479 - urllib3.connectionpool - DEBUG - https://query2.finance.yahoo.com:443 "GET /v7/finance/options/MSFT?getAllData=true&formatted=false&lang=en-US&region=US&corsDomain=finance.yahoo.com HTTP/1.1" 200 None
2022-01-06 20:29:26,773 - root - DEBUG - DATABASE INTEGRITY CHECK FOR C:\Users\fabio\PycharmProjects\AlgoTrader\ALGO\Databases\accounts.db: ok
2022-01-06 20:29:26,773 - root - DEBUG - DATABASE INTEGRITY CHECK FOR C:\Users\fabio\PycharmProjects\AlgoTrader\ALGO\Databases\indicators.db: ok
2022-01-06 20:29:26,775 - root - DEBUG - DATABASE INTEGRITY CHECK FOR C:\Users\fabio\PycharmProjects\AlgoTrader\ALGO\Databases\options.db: ok
2022-01-06 20:29:26,777 - root - DEBUG - DATABASE INTEGRITY CHECK FOR C:\Users\fabio\PycharmProjects\AlgoTrader\ALGO\Databases\quotes.db: ok
2022-01-06 20:29:26,777 - root - DEBUG - DATABASE INTEGRITY CHECK FOR C:\Users\fabio\PycharmProjects\AlgoTrader\ALGO\Databases\trades.db: ok
2022-01-06 20:29:28,412 - urllib3.connectionpool - DEBUG - Starting new HTTPS connection (1): query2.finance.yahoo.com:443
2022-01-06 20:29:28,602 - urllib3.connectionpool - DEBUG - https://query2.finance.yahoo.com:443 "GET /v8/finance/chart/MSFT?range=1d&interval=1m&includePrePost=True&events=div%2Csplits HTTP/1.1" 200 None
2022-01-06 20:29:29,282 - root - DEBUG - C:\Users\fabio\PycharmProjects\AlgoTrader\ALGO\Daily Stock Analysis\Trades\MSFT Intraday 2022-01-06.xlsx is being formatted
2022-01-06 20:29:30,182 - root - DEBUG - formatting for C:\Users\fabio\PycharmProjects\AlgoTrader\ALGO\Daily Stock Analysis\Trades\MSFT Intraday 2022-01-06.xlsx is finished
2022-01-06 20:29:30,183 - root - DEBUG - Trade data saved to DB
2022-01-06 20:29:30,192 - root - DEBUG - Quote data saved to DB
2022-01-06 20:29:30,200 - root - DEBUG - Indicator data saved to DB
2022-01-06 20:29:37,200 - urllib3.connectionpool - DEBUG - Starting new HTTPS connection (1): query2.finance.yahoo.com:443
2022-01-06 20:29:37,380 - urllib3.connectionpool - DEBUG - https://query2.finance.yahoo.com:443 "GET /v8/finance/chart/MSFT?range=1d&interval=1m&includePrePost=True&events=div%2Csplits HTTP/1.1" 200 None
2022-01-06 20:29:38,005 - root - DEBUG - C:\Users\fabio\PycharmProjects\AlgoTrader\ALGO\Daily Stock Analysis\Trades\MSFT Intraday 2022-01-06.xlsx is being formatted
2022-01-06 20:29:38,869 - root - DEBUG - formatting for C:\Users\fabio\PycharmProjects\AlgoTrader\ALGO\Daily Stock Analysis\Trades\MSFT Intraday 2022-01-06.xlsx is finished
2022-01-06 20:29:38,870 - root - DEBUG - Trade data saved to DB
2022-01-06 20:29:38,875 - root - DEBUG - Quote data saved to DB
2022-01-06 20:29:38,879 - root - DEBUG - Indicator data saved to DB
